

		THIS IS A MTA-BASED RAMAN GRAFTING RUN

		FRAGMENTATION PARAMETERS WILL BE READ FROM FILE FragParam

--------------------------------------------------------------------------------

Job Submission Time :: Tue Sep  1 17:06:21 2020
Inputfile name      :: beta_carotene.xyz
Outputfile name     :: beta_carotene.out
Keyword             :: RAMANGRAFT


-------FragParam-----
RDEXT=0
addum=1
radcut=2.5
MAXSZ=44
MINSZ=24
-----------------

FULL COMPUTATION (LOWER LEVEL) START TIME :: Tue Sep  1 17:06:21 2020
---------------------------------------
 ACTUAL ENERGY == -1546.584205
---------------------------------------
FULL COMPUTATION (LOWER LEVEL) END TIME :: Tue Sep  1 17:32:53 2020
MTA-RAMAN COMPUTATION (LOWER LEVEL) START TIME :: Tue Sep  1 17:32:53 2020
	Input Geometry
--------------------------------------------------------------------------------
 COORDINATES OF ALL ATOMS ARE (ANGS)
    ATOM   CHARGE       X              Y              Z
--------------------------------------------------------------------------------
     H      1     -13.3700320       2.3561660      -1.8696500
     C      6     -13.0530750       2.0924920      -0.8433010
     C      6     -13.6941060       0.8865180       1.2389280
     C      6     -11.6601780       0.1303780      -0.0668580
     C      6     -12.6941700      -0.2606590       1.0003730
     C      6     -11.8405550       1.1854050      -0.9233040
     C      6     -14.2178240       1.4832730      -0.0643560
     H      1     -13.1853920       1.6851960       1.8137490
     C      6     -10.8705750       1.5584030      -2.0206640
     C      6     -13.4443810      -1.5308930       0.5510490
     H      1     -14.9864540       2.2498440       0.1380650
     H      1     -14.7012630       0.6990860      -0.6739770
     H      1     -12.7462760       3.0495190      -0.3713520
     H      1     -14.5217430       0.5125050       1.8706700
     C      6     -10.4696270      -0.7417780      -0.1218040
     C      6     -11.9846630      -0.5518990       2.3359250
     H      1     -14.1619470      -1.8452200       1.3311580
     H      1     -12.7472920      -2.3698630       0.3838070
     H      1     -13.9990930      -1.3636250      -0.3869100
     H      1     -12.7349480      -0.7503680       3.1229620
     H      1     -11.3725020       0.3116460       2.6490860
     H      1     -11.3211300      -1.4298430       2.2661260
     H      1     -10.1292740       0.7708380      -2.2176270
     H      1     -10.3236760       2.4865160      -1.7669820
     H      1     -11.4260560       1.7661420      -2.9530430
     C      6      -9.1767100      -0.2949600      -0.1199950
     H      1     -10.6468600      -1.8254590      -0.0912510
     C      6      -7.9883090      -1.1374580      -0.1464160
     H      1      -9.0037840       0.7896560      -0.0791570
     C      6      -6.7534250      -0.5216320      -0.1290460
     C      6      -8.1728260      -2.6343980      -0.1901070
     C      6      -5.4577650      -1.1525820      -0.1488070
     H      1      -6.7513400       0.5781580      -0.0958530
     C      6      -4.2860580      -0.4300280      -0.1282640
     H      1      -5.4031920      -2.2459550      -0.1813770
     C      6      -2.9494500      -0.9868110      -0.1462850
     H      1      -4.3606170       0.6672220      -0.0951240
     C      6      -1.8755360      -0.1133140      -0.1211050
     C      6      -2.7966190      -2.4882540      -0.1915990
     C      6      -0.4783070      -0.4438380      -0.1325800
     H      1      -2.1151110       0.9601230      -0.0884930
     C      6       0.5182290       0.5108330      -0.1048750
     H      1      -0.1741950      -1.4977980      -0.1647020
     C      6       1.9154370       0.1802570      -0.1163820
     H      1       0.2141430       1.5647960      -0.0727470
     C      6       2.9894130       1.0537170      -0.0912530
     H      1       2.1549690      -0.8931920      -0.1489970
     C      6       4.3259140       0.4968010      -0.1096020
     C      6       2.8367430       2.5551640      -0.0457230
     C      6       5.4977430       1.2192300      -0.0889880
     H      1       4.4003730      -0.6004570      -0.1428080
     C      6       6.7931660       0.5880240      -0.1100860
     H      1       5.4434250       2.3125980      -0.0558980
     C      6       8.0282860       1.2036700      -0.0929130
     H      1       6.7909980      -0.5117470      -0.1439120
     C      6       9.2160600       0.3610200      -0.1230930
     C      6       8.2135160       2.7004130      -0.0453470
     C      6      10.5100590       0.8060730      -0.1074770
     H      1       9.0440170      -0.7245200      -0.1479260
     C      6      11.6870170      -0.0860280      -0.1304150
     H      1      10.6905750       1.8848110      -0.0221090
     C      6      14.0188070      -0.6415860       0.6956370
     C      6      12.9539600      -2.0863420      -1.0184400
     C      6      13.7088560      -2.0852840       0.3085770
     C      6      11.8109030      -1.0933780      -1.0517640
     C      6      12.7423820       0.1824720       0.9523550
     H      1      14.5872160      -0.1711300      -0.1308540
     H      1      13.6511780      -1.8566170      -1.8510410
     H      1      13.0905960      -2.5635740       1.0893410
     C      6      10.8680910      -1.3011990      -2.2142770
     C      6      12.1480420      -0.1658380       2.3310390
     C      6      13.1430640       1.6711300       0.9565940
     H      1      14.6597770      -0.5932170       1.5957770
     H      1      12.5498290      -3.0932580      -1.2396870
     H      1      14.6369040      -2.6776020       0.2251710
     H      1      11.4575120      -1.5046690      -3.1276630
     H      1      10.2188930      -0.4324470      -2.3958600
     H      1      10.2226600      -2.1853170      -2.0543280
     H      1      13.4476530       2.0011750      -0.0520000
     H      1      13.9983770       1.8186610       1.6403290
     H      1      12.3250270       2.3217730       1.3074750
     H      1      11.2174590       0.4011830       2.5049040
     H      1      12.8642120       0.0862880       3.1346850
     H      1      11.9033410      -1.2387860       2.4063810
     H      1      -8.7304010      -2.9809810       0.6981000
     H      1      -7.2172870      -3.1762010      -0.2233530
     H      1      -8.7623020      -2.9253780      -1.0771980
     H      1      -1.7445880      -2.8047850      -0.2018870
     H      1      -3.2848240      -2.8989170      -1.0927350
     H      1      -3.2835140      -2.9523580       0.6839360
     H      1       3.3253050       2.9656400       0.8552980
     H      1       1.7847470       2.8717840      -0.0350100
     H      1       3.3233610       3.0193530      -0.9213720
     H      1       8.7909000       3.0466150      -0.9205040
     H      1       8.7842480       2.9898580       0.8548040
     H      1       7.2582030       3.2434470      -0.0305270
**
-----------------------------------------------------------
 Inited atom info...
 Total number of atoms are :    96
 Reading input complete..

 Rings :
   1 : F : (   6),    66   62   64   63   65   60
   2 : F : (   6),     7    3    5    4    6    2

 Preprocessing over..

 Atom goodness index :
    1:  8.8
    2:  8.3
    3:  8.6
    4:  6.3
    5:  7.4
    6:  6.8
    7:  9.1
    8:  8.5
    9:  6.3
   10:  8.0
   11: 10.1
   12:  9.4
   13:  8.4
   14:  9.4
   15:  5.0
   16:  7.0
   17:  8.9
   18:  7.4
   19:  8.5
   20:  8.0
   21:  6.7
   22:  6.3
   23:  5.5
   24:  6.3
   25:  7.2
   26:  3.8
   27:  5.2
   28:  3.5
   29:  4.0
   30:  4.2
   31:  4.2
   32:  5.5
   33:  4.0
   34:  6.3
   35:  6.0
   36:  7.7
   37:  6.1
   38:  8.6
   39:  8.3
   40:  9.5
   41:  8.3
   42:  8.6
   43:  9.3
   44:  7.2
   45:  9.1
   46:  6.3
   47:  6.9
   48:  4.9
   49:  6.7
   50:  3.8
   51:  4.6
   52:  3.8
   53:  4.2
   54:  5.0
   55:  4.1
   56:  6.3
   57:  5.0
   58:  7.5
   59:  6.3
   60:  8.8
   61:  7.5
   62: 11.2
   63: 10.5
   64: 11.2
   65:  9.1
   66:  9.8
   67: 11.7
   68: 11.2
   69: 10.8
   70:  8.5
   71:  9.5
   72:  9.9
   73: 11.9
   74: 10.5
   75: 12.2
   76:  9.4
   77:  7.7
   78:  8.2
   79: 10.2
   80: 10.8
   81:  9.0
   82:  8.5
   83: 10.2
   84:  9.5
   85:  3.5
   86:  5.1
   87:  4.1
   88:  9.3
   89:  7.8
   90:  8.3
   91:  6.5
   92:  7.8
   93:  6.5
   94:  5.5
   95:  5.5
   96:  4.0
 Atom pick index as  ATOM :: FRAGMENT
                    1  ::                     3
                    2  ::                     3
                    3  ::                     3
                    4  ::                     3
                    5  ::                     3
                    6  ::                     3
                    7  ::                     3
                    8  ::                     3
                    9  ::                     3
                   10  ::                     3
                   11  ::                     3
                   12  ::                     3
                   13  ::                     3
                   14  ::                     3
                   15  ::                     3
                   16  ::                     3
                   17  ::                     3
                   18  ::                     3
                   19  ::                     3
                   20  ::                     3
                   21  ::                     3
                   22  ::                     3
                   23  ::                     3
                   24  ::                     3
                   25  ::                     3
                   26  ::                     3
                   27  ::                     3
                   28  ::                     1
                   29  ::                     3
                   30  ::                     1
                   31  ::                     1
                   32  ::                     1
                   33  ::                     1
                   34  ::                     1
                   35  ::                     1
                   36  ::                     1
                   37  ::                     1
                   38  ::                     1
                   39  ::                     1
                   40  ::                     1
                   41  ::                     1
                   42  ::                     1
                   43  ::                     1
                   44  ::                     1
                   45  ::                     1
                   46  ::                     1
                   47  ::                     1
                   48  ::                     1
                   49  ::                     1
                   50  ::                     1
                   51  ::                     1
                   52  ::                     2
                   53  ::                     1
                   54  ::                     2
                   55  ::                     2
                   56  ::                     2
                   57  ::                     2
                   58  ::                     2
                   59  ::                     2
                   60  ::                     2
                   61  ::                     2
                   62  ::                     2
                   63  ::                     2
                   64  ::                     2
                   65  ::                     2
                   66  ::                     2
                   67  ::                     2
                   68  ::                     2
                   69  ::                     2
                   70  ::                     2
                   71  ::                     2
                   72  ::                     2
                   73  ::                     2
                   74  ::                     2
                   75  ::                     2
                   76  ::                     2
                   77  ::                     2
                   78  ::                     2
                   79  ::                     2
                   80  ::                     2
                   81  ::                     2
                   82  ::                     2
                   83  ::                     2
                   84  ::                     2
                   85  ::                     3
                   86  ::                     1
                   87  ::                     1
                   88  ::                     1
                   89  ::                     1
                   90  ::                     1
                   91  ::                     1
                   92  ::                     1
                   93  ::                     1
                   94  ::                     2
                   95  ::                     2
                   96  ::                     2
 Collation over...

 Cardinality expression setup...
 Final Cardinality expression:
    1   -1
    2   -1
 Cardinality expression setup complete. Number of elements:                     2
 Adding dummy atoms to overlap fragments ...
 ... Adding over
 Those marked with '*' are having charge
                    1                  146
                    2                  120
                    3                  106
                    4                   38
                    5                   38
 Sorting fragments on size...
 Setting up addtional parameters...
 Writing i/p files ...
 Writing i/p files over...

 FINAL FRAGMENTS:
    1   46
    2   40
    3   36
    
 Summary of Overlaps:
    4   13
    5   13
    
Number of main fragments     :   3
Number of overlap fragments     :   2
Average size of fragments    : 40.67
Minimum Goodness             :  3.52 @    85
Minimum non pendant Goodness :  3.54 @    28
Scaling Factor               :  1.23

 The molecular formula is : 
H  :   56, C  :   40, 
 Bond stats:
H -H  :    0
H -C  :   56
C -C  :   82
frag   1:>  C  :   20, H  :   24, 
     Bond stats:
    C -C  :   38
    C -H  :   24
    H -H  :    0

frag   2:>  C  :   16, H  :   23, 
     Bond stats:
    C -C  :   32
    C -H  :   23
    H -H  :    0

frag   3:>  C  :   14, H  :   21, 
     Bond stats:
    C -C  :   28
    C -H  :   21
    H -H  :    0

frag   4:>  C  :    5, H  :    6, 
     Bond stats:
    C -C  :    8
    C -H  :    6
    H -H  :    0

frag   5:>  C  :    5, H  :    6, 
     Bond stats:
    C -C  :    8
    C -H  :    6
    H -H  :    0

 The molecular formula based on cardinality is : 
H  :   56, C  :   40, 

 Cardinality of the molecular formula is maintained!

 Bond stats based on cardinality is:
H -H  :    0
H -C  :   56
C -C  :   82

 Cardinality of the molecular bond stats is maintained!


STARTING DISTRIBUTED MODE CODE....DISTRIBUTED MODE OF CODE STOPPED....
Fragment energies are:
0	-772.07435340	0.00000000	-772.0743534
1	-619.55123871	0.00000001	-619.5512387
2	-542.69433352	0.00000002	-542.6943335
3	-193.86786893	0.00000003	-193.8678689
4	-193.86857494	0.00000004	-193.8685749

---------------------------------------
  HF ENERGY     = -1546.583482
  E2 ENERGY     = 0.0
  CG-MTA ENERGY = -1546.583482
---------------------------------------

--------------------------------------------------------------------------------
                       CG-MTA GRADIENTS (HARTREE/BOHR)
--------------------------------------------------------------------------------
     H      1      -0.0028532       0.0030986      -0.0123657
     C      6      -0.0002394      -0.0122191       0.0067425
     C      6       0.0046211      -0.0053292      -0.0123095
     C      6       0.0045048      -0.0258814       0.0246984
     C      6      -0.0006086      -0.0001405      -0.0002916
     C      6      -0.0053674       0.0258027      -0.0213023
     C      6       0.0114851      -0.0000501       0.0041691
     H      1       0.0070400       0.0095064       0.0061512
     C      6      -0.0060343      -0.0031431       0.0090768
     C      6       0.0073081       0.0122468       0.0034394
     H      1      -0.0087803       0.0088759       0.0023828
     H      1      -0.0046901      -0.0104591      -0.0071632
     H      1       0.0039741       0.0107113       0.0056163
     H      1      -0.0096801      -0.0052861       0.0076902
     C      6      -0.0354535       0.0002454      -0.0021850
     C      6      -0.0055299       0.0025860      -0.0128445
     H      1      -0.0082725      -0.0031531       0.0100185
     H      1       0.0095590      -0.0095887      -0.0019761
     H      1      -0.0067996       0.0031470      -0.0119256
     H      1      -0.0097731      -0.0021395       0.0087395
     H      1       0.0072858       0.0109714       0.0030139
     H      1       0.0084988      -0.0110371      -0.0022265
     H      1       0.0107310      -0.0119101      -0.0010464
     H      1       0.0056287       0.0105034       0.0032057
     H      1      -0.0073273       0.0027557      -0.0101342
     C      6       0.0360844      -0.0013848      -0.0014634
     H      1      -0.0018916      -0.0171903       0.0016740
     C      6      -0.0373866      -0.0148849      -0.0004618
     H      1       0.0021788       0.0172704       0.0005895
     C      6       0.0371993       0.0020494       0.0000305
     C      6       0.0012659       0.0103637       0.0003516
     C      6      -0.0372677      -0.0059248      -0.0001560
     H      1      -0.0006822       0.0164970       0.0005005
     C      6       0.0386713       0.0054966       0.0001081
     H      1       0.0013297      -0.0177192      -0.0005302
     C      6      -0.0354365      -0.0224102      -0.0006366
     H      1      -0.0014758       0.0166664       0.0005115
     C      6       0.0380487       0.0103461       0.0002652
     C      6      -0.0008367       0.0102049       0.0003092
     C      6      -0.0374385      -0.0142062      -0.0003896
     H      1      -0.0042645       0.0160222       0.0004915
     C      6       0.0376501       0.0142309       0.0003862
     H      1       0.0050311      -0.0164078      -0.0004993
     C      6      -0.0386289      -0.0106544      -0.0002779
     H      1      -0.0050110       0.0163583       0.0004998
     C      6       0.0368578       0.0223726       0.0006326
     H      1       0.0042723      -0.0160729      -0.0004863
     C      6      -0.0397839      -0.0055134      -0.0001208
     C      6       0.0009383      -0.0101798      -0.0003051
     C      6       0.0379821       0.0063307       0.0001807
     H      1       0.0014664      -0.0167373      -0.0005131
     C      6      -0.0385157      -0.0019505      -0.0000816
     H      1      -0.0012881       0.0175982       0.0005211
     C      6       0.0385028       0.0143281       0.0003394
     H      1       0.0007295      -0.0165687      -0.0005010
     C      6      -0.0374652       0.0025731      -0.0011790
     C      6      -0.0013353      -0.0104311      -0.0003604
     C      6       0.0356633      -0.0008337      -0.0019444
     H      1      -0.0021117      -0.0174912      -0.0004352
     C      6      -0.0024261       0.0246986       0.0259594
     H      1       0.0020156       0.0173166       0.0025322
     C      6      -0.0134521      -0.0040217      -0.0009368
     C      6      -0.0020714       0.0078469       0.0112557
     C      6      -0.0027590       0.0100738      -0.0059838
     C      6       0.0029784      -0.0252671      -0.0217017
     C      6       0.0007754       0.0001234      -0.0006066
     H      1       0.0057910       0.0056444      -0.0105310
     H      1       0.0076186       0.0031935      -0.0097099
     H      1      -0.0084403      -0.0045626       0.0095717
     C      6       0.0059133       0.0022847       0.0092053
     C      6       0.0053692       0.0027640      -0.0130440
     C      6      -0.0047759      -0.0134102      -0.0011260
     H      1       0.0072252       0.0010785       0.0112749
     H      1      -0.0052723      -0.0112984      -0.0031384
     H      1       0.0106974      -0.0067631      -0.0010644
     H      1       0.0076074      -0.0027787      -0.0096978
     H      1      -0.0092763       0.0127687      -0.0008769
     H      1      -0.0068266      -0.0102401       0.0022492
     H      1       0.0034024       0.0030874      -0.0123495
     H      1       0.0102200       0.0006463       0.0085172
     H      1      -0.0110461       0.0073758       0.0042006
     H      1      -0.0119168       0.0074368       0.0007142
     H      1       0.0092317       0.0033750       0.0089976
     H      1      -0.0028087      -0.0136741       0.0000098
     H      1      -0.0070841      -0.0030415       0.0101043
     H      1       0.0134385      -0.0061723      -0.0004029
     H      1      -0.0074482      -0.0024554      -0.0100352
     H      1       0.0144253      -0.0031804      -0.0001067
     H      1      -0.0064009      -0.0039845      -0.0101702
     H      1      -0.0063890      -0.0045838       0.0099200
     H      1       0.0063754       0.0040214       0.0101916
     H      1      -0.0143931       0.0031593       0.0001096
     H      1       0.0063516       0.0046328      -0.0099449
     H      1       0.0073558       0.0030867      -0.0099605
     H      1       0.0072878       0.0023879       0.0101871
     H      1      -0.0134511       0.0062033       0.0001795

The Hessian matrix is patched and stored in -final.hess file.

The Tensor is patched and stored in -final.dipdr/poldr/shield file.

The Tensor is patched and stored in -final.dipdr/poldr/shield file.
Fragment energies are:
0	-772.07435340	0.00000000	-772.0743534
1	-619.55123871	0.00000001	-619.5512387
2	-542.69433352	0.00000002	-542.6943335
3	-193.86786893	0.00000003	-193.8678689
4	-193.86857494	0.00000004	-193.8685749

---------------------------------------
  HF ENERGY     = -1546.583482
  E2 ENERGY     = 0.0
  CG-MTA ENERGY = -1546.583482
---------------------------------------
MTA-RAMAN COMPUTATION (LOWER LEVEL) END TIME :: Tue Sep  1 17:37:32 2020
MTA-RAMAN COMPUTATION (HIGHER LEVEL) START TIME :: Tue Sep  1 17:37:32 2020
	Input Geometry
--------------------------------------------------------------------------------
 COORDINATES OF ALL ATOMS ARE (ANGS)
    ATOM   CHARGE       X              Y              Z
--------------------------------------------------------------------------------
     H      1     -13.3700320       2.3561660      -1.8696500
     C      6     -13.0530750       2.0924920      -0.8433010
     C      6     -13.6941060       0.8865180       1.2389280
     C      6     -11.6601780       0.1303780      -0.0668580
     C      6     -12.6941700      -0.2606590       1.0003730
     C      6     -11.8405550       1.1854050      -0.9233040
     C      6     -14.2178240       1.4832730      -0.0643560
     H      1     -13.1853920       1.6851960       1.8137490
     C      6     -10.8705750       1.5584030      -2.0206640
     C      6     -13.4443810      -1.5308930       0.5510490
     H      1     -14.9864540       2.2498440       0.1380650
     H      1     -14.7012630       0.6990860      -0.6739770
     H      1     -12.7462760       3.0495190      -0.3713520
     H      1     -14.5217430       0.5125050       1.8706700
     C      6     -10.4696270      -0.7417780      -0.1218040
     C      6     -11.9846630      -0.5518990       2.3359250
     H      1     -14.1619470      -1.8452200       1.3311580
     H      1     -12.7472920      -2.3698630       0.3838070
     H      1     -13.9990930      -1.3636250      -0.3869100
     H      1     -12.7349480      -0.7503680       3.1229620
     H      1     -11.3725020       0.3116460       2.6490860
     H      1     -11.3211300      -1.4298430       2.2661260
     H      1     -10.1292740       0.7708380      -2.2176270
     H      1     -10.3236760       2.4865160      -1.7669820
     H      1     -11.4260560       1.7661420      -2.9530430
     C      6      -9.1767100      -0.2949600      -0.1199950
     H      1     -10.6468600      -1.8254590      -0.0912510
     C      6      -7.9883090      -1.1374580      -0.1464160
     H      1      -9.0037840       0.7896560      -0.0791570
     C      6      -6.7534250      -0.5216320      -0.1290460
     C      6      -8.1728260      -2.6343980      -0.1901070
     C      6      -5.4577650      -1.1525820      -0.1488070
     H      1      -6.7513400       0.5781580      -0.0958530
     C      6      -4.2860580      -0.4300280      -0.1282640
     H      1      -5.4031920      -2.2459550      -0.1813770
     C      6      -2.9494500      -0.9868110      -0.1462850
     H      1      -4.3606170       0.6672220      -0.0951240
     C      6      -1.8755360      -0.1133140      -0.1211050
     C      6      -2.7966190      -2.4882540      -0.1915990
     C      6      -0.4783070      -0.4438380      -0.1325800
     H      1      -2.1151110       0.9601230      -0.0884930
     C      6       0.5182290       0.5108330      -0.1048750
     H      1      -0.1741950      -1.4977980      -0.1647020
     C      6       1.9154370       0.1802570      -0.1163820
     H      1       0.2141430       1.5647960      -0.0727470
     C      6       2.9894130       1.0537170      -0.0912530
     H      1       2.1549690      -0.8931920      -0.1489970
     C      6       4.3259140       0.4968010      -0.1096020
     C      6       2.8367430       2.5551640      -0.0457230
     C      6       5.4977430       1.2192300      -0.0889880
     H      1       4.4003730      -0.6004570      -0.1428080
     C      6       6.7931660       0.5880240      -0.1100860
     H      1       5.4434250       2.3125980      -0.0558980
     C      6       8.0282860       1.2036700      -0.0929130
     H      1       6.7909980      -0.5117470      -0.1439120
     C      6       9.2160600       0.3610200      -0.1230930
     C      6       8.2135160       2.7004130      -0.0453470
     C      6      10.5100590       0.8060730      -0.1074770
     H      1       9.0440170      -0.7245200      -0.1479260
     C      6      11.6870170      -0.0860280      -0.1304150
     H      1      10.6905750       1.8848110      -0.0221090
     C      6      14.0188070      -0.6415860       0.6956370
     C      6      12.9539600      -2.0863420      -1.0184400
     C      6      13.7088560      -2.0852840       0.3085770
     C      6      11.8109030      -1.0933780      -1.0517640
     C      6      12.7423820       0.1824720       0.9523550
     H      1      14.5872160      -0.1711300      -0.1308540
     H      1      13.6511780      -1.8566170      -1.8510410
     H      1      13.0905960      -2.5635740       1.0893410
     C      6      10.8680910      -1.3011990      -2.2142770
     C      6      12.1480420      -0.1658380       2.3310390
     C      6      13.1430640       1.6711300       0.9565940
     H      1      14.6597770      -0.5932170       1.5957770
     H      1      12.5498290      -3.0932580      -1.2396870
     H      1      14.6369040      -2.6776020       0.2251710
     H      1      11.4575120      -1.5046690      -3.1276630
     H      1      10.2188930      -0.4324470      -2.3958600
     H      1      10.2226600      -2.1853170      -2.0543280
     H      1      13.4476530       2.0011750      -0.0520000
     H      1      13.9983770       1.8186610       1.6403290
     H      1      12.3250270       2.3217730       1.3074750
     H      1      11.2174590       0.4011830       2.5049040
     H      1      12.8642120       0.0862880       3.1346850
     H      1      11.9033410      -1.2387860       2.4063810
     H      1      -8.7304010      -2.9809810       0.6981000
     H      1      -7.2172870      -3.1762010      -0.2233530
     H      1      -8.7623020      -2.9253780      -1.0771980
     H      1      -1.7445880      -2.8047850      -0.2018870
     H      1      -3.2848240      -2.8989170      -1.0927350
     H      1      -3.2835140      -2.9523580       0.6839360
     H      1       3.3253050       2.9656400       0.8552980
     H      1       1.7847470       2.8717840      -0.0350100
     H      1       3.3233610       3.0193530      -0.9213720
     H      1       8.7909000       3.0466150      -0.9205040
     H      1       8.7842480       2.9898580       0.8548040
     H      1       7.2582030       3.2434470      -0.0305270
**
-----------------------------------------------------------
 Inited atom info...
 Total number of atoms are :    96
 Reading input complete..

 Rings :
   1 : F : (   6),    66   62   64   63   65   60
   2 : F : (   6),     7    3    5    4    6    2

 Preprocessing over..

 Atom goodness index :
    1:  8.8
    2:  8.3
    3:  8.6
    4:  6.3
    5:  7.4
    6:  6.8
    7:  9.1
    8:  8.5
    9:  6.3
   10:  8.0
   11: 10.1
   12:  9.4
   13:  8.4
   14:  9.4
   15:  5.0
   16:  7.0
   17:  8.9
   18:  7.4
   19:  8.5
   20:  8.0
   21:  6.7
   22:  6.3
   23:  5.5
   24:  6.3
   25:  7.2
   26:  3.8
   27:  5.2
   28:  3.5
   29:  4.0
   30:  4.2
   31:  4.2
   32:  5.5
   33:  4.0
   34:  6.3
   35:  6.0
   36:  7.7
   37:  6.1
   38:  8.6
   39:  8.3
   40:  9.5
   41:  8.3
   42:  8.6
   43:  9.3
   44:  7.2
   45:  9.1
   46:  6.3
   47:  6.9
   48:  4.9
   49:  6.7
   50:  3.8
   51:  4.6
   52:  3.8
   53:  4.2
   54:  5.0
   55:  4.1
   56:  6.3
   57:  5.0
   58:  7.5
   59:  6.3
   60:  8.8
   61:  7.5
   62: 11.2
   63: 10.5
   64: 11.2
   65:  9.1
   66:  9.8
   67: 11.7
   68: 11.2
   69: 10.8
   70:  8.5
   71:  9.5
   72:  9.9
   73: 11.9
   74: 10.5
   75: 12.2
   76:  9.4
   77:  7.7
   78:  8.2
   79: 10.2
   80: 10.8
   81:  9.0
   82:  8.5
   83: 10.2
   84:  9.5
   85:  3.5
   86:  5.1
   87:  4.1
   88:  9.3
   89:  7.8
   90:  8.3
   91:  6.5
   92:  7.8
   93:  6.5
   94:  5.5
   95:  5.5
   96:  4.0
 Atom pick index as  ATOM :: FRAGMENT
                    1  ::                     3
                    2  ::                     3
                    3  ::                     3
                    4  ::                     3
                    5  ::                     3
                    6  ::                     3
                    7  ::                     3
                    8  ::                     3
                    9  ::                     3
                   10  ::                     3
                   11  ::                     3
                   12  ::                     3
                   13  ::                     3
                   14  ::                     3
                   15  ::                     3
                   16  ::                     3
                   17  ::                     3
                   18  ::                     3
                   19  ::                     3
                   20  ::                     3
                   21  ::                     3
                   22  ::                     3
                   23  ::                     3
                   24  ::                     3
                   25  ::                     3
                   26  ::                     3
                   27  ::                     3
                   28  ::                     1
                   29  ::                     3
                   30  ::                     1
                   31  ::                     1
                   32  ::                     1
                   33  ::                     1
                   34  ::                     1
                   35  ::                     1
                   36  ::                     1
                   37  ::                     1
                   38  ::                     1
                   39  ::                     1
                   40  ::                     1
                   41  ::                     1
                   42  ::                     1
                   43  ::                     1
                   44  ::                     1
                   45  ::                     1
                   46  ::                     1
                   47  ::                     1
                   48  ::                     1
                   49  ::                     1
                   50  ::                     1
                   51  ::                     1
                   52  ::                     2
                   53  ::                     1
                   54  ::                     2
                   55  ::                     2
                   56  ::                     2
                   57  ::                     2
                   58  ::                     2
                   59  ::                     2
                   60  ::                     2
                   61  ::                     2
                   62  ::                     2
                   63  ::                     2
                   64  ::                     2
                   65  ::                     2
                   66  ::                     2
                   67  ::                     2
                   68  ::                     2
                   69  ::                     2
                   70  ::                     2
                   71  ::                     2
                   72  ::                     2
                   73  ::                     2
                   74  ::                     2
                   75  ::                     2
                   76  ::                     2
                   77  ::                     2
                   78  ::                     2
                   79  ::                     2
                   80  ::                     2
                   81  ::                     2
                   82  ::                     2
                   83  ::                     2
                   84  ::                     2
                   85  ::                     3
                   86  ::                     1
                   87  ::                     1
                   88  ::                     1
                   89  ::                     1
                   90  ::                     1
                   91  ::                     1
                   92  ::                     1
                   93  ::                     1
                   94  ::                     2
                   95  ::                     2
                   96  ::                     2
 Collation over...

 Cardinality expression setup...
 Final Cardinality expression:
    1   -1
    2   -1
 Cardinality expression setup complete. Number of elements:                     2
 Adding dummy atoms to overlap fragments ...
 ... Adding over
 Those marked with '*' are having charge
                    1                  146
                    2                  120
                    3                  106
                    4                   38
                    5                   38
 Sorting fragments on size...
 Setting up addtional parameters...
 Writing i/p files ...
 Writing i/p files over...

 FINAL FRAGMENTS:
    1   46
    2   40
    3   36
    
 Summary of Overlaps:
    4   13
    5   13
    
Number of main fragments     :   3
Number of overlap fragments     :   2
Average size of fragments    : 40.67
Minimum Goodness             :  3.52 @    85
Minimum non pendant Goodness :  3.54 @    28
Scaling Factor               :  1.23

 The molecular formula is : 
H  :   56, C  :   40, 
 Bond stats:
H -H  :    0
H -C  :   56
C -C  :   82
frag   1:>  C  :   20, H  :   24, 
     Bond stats:
    C -C  :   38
    C -H  :   24
    H -H  :    0

frag   2:>  C  :   16, H  :   23, 
     Bond stats:
    C -C  :   32
    C -H  :   23
    H -H  :    0

frag   3:>  C  :   14, H  :   21, 
     Bond stats:
    C -C  :   28
    C -H  :   21
    H -H  :    0

frag   4:>  C  :    5, H  :    6, 
     Bond stats:
    C -C  :    8
    C -H  :    6
    H -H  :    0

frag   5:>  C  :    5, H  :    6, 
     Bond stats:
    C -C  :    8
    C -H  :    6
    H -H  :    0

 The molecular formula based on cardinality is : 
H  :   56, C  :   40, 

 Cardinality of the molecular formula is maintained!

 Bond stats based on cardinality is:
H -H  :    0
H -C  :   56
C -C  :   82

 Cardinality of the molecular bond stats is maintained!


STARTING DISTRIBUTED MODE CODE....DISTRIBUTED MODE OF CODE STOPPED....
Fragment energies are:
0	-772.42467970	0.00000000	-772.4246797
1	-619.83987291	0.00000001	-619.8398729
2	-542.94845992	0.00000002	-542.9484599
3	-193.95478133	0.00000003	-193.9547813
4	-193.95591694	0.00000004	-193.9559169

---------------------------------------
  HF ENERGY     = -1547.302314
  E2 ENERGY     = 0.0
  CG-MTA ENERGY = -1547.302314
---------------------------------------

--------------------------------------------------------------------------------
                       CG-MTA GRADIENTS (HARTREE/BOHR)
--------------------------------------------------------------------------------
     H      1      -0.0018164       0.0020539      -0.0081864
     C      6       0.0020665      -0.0060956       0.0031111
     C      6       0.0025419      -0.0022845      -0.0052566
     C      6       0.0076607      -0.0289321       0.0236379
     C      6       0.0006943       0.0000027      -0.0017085
     C      6      -0.0054229       0.0259274      -0.0207660
     C      6       0.0041596      -0.0006231       0.0011710
     H      1       0.0049275       0.0060723       0.0039418
     C      6      -0.0044489      -0.0013871       0.0061041
     C      6       0.0036623       0.0061912       0.0012837
     H      1      -0.0055908       0.0053866       0.0015052
     H      1      -0.0028340      -0.0068993      -0.0044366
     H      1       0.0021710       0.0070959       0.0038934
     H      1      -0.0059748      -0.0038258       0.0051026
     C      6      -0.0397253      -0.0029839      -0.0004151
     C      6      -0.0021303       0.0012322      -0.0063813
     H      1      -0.0050264      -0.0015954       0.0063680
     H      1       0.0064062      -0.0056816      -0.0011100
     H      1      -0.0041539       0.0025200      -0.0074377
     H      1      -0.0062384      -0.0013099       0.0051943
     H      1       0.0043408       0.0069498       0.0014854
     H      1       0.0053766      -0.0068799      -0.0020755
     H      1       0.0074211      -0.0082067      -0.0002748
     H      1       0.0039527       0.0062921       0.0017758
     H      1      -0.0043306       0.0017236      -0.0064022
     C      6       0.0388815       0.0012703      -0.0022390
     H      1      -0.0013692      -0.0117676       0.0014201
     C      6      -0.0393844      -0.0117890      -0.0002322
     H      1       0.0013561       0.0118788       0.0004183
     C      6       0.0414032       0.0035547       0.0001050
     C      6       0.0005167       0.0069122       0.0002069
     C      6      -0.0411109      -0.0078063      -0.0002203
     H      1      -0.0004247       0.0112380       0.0003378
     C      6       0.0411862       0.0074369       0.0001659
     H      1       0.0009215      -0.0120103      -0.0003616
     C      6      -0.0387260      -0.0194593      -0.0005458
     H      1      -0.0009422       0.0112946       0.0003491
     C      6       0.0421824       0.0126239       0.0003307
     C      6      -0.0008067       0.0066786       0.0002025
     C      6      -0.0412518      -0.0167647      -0.0004630
     H      1      -0.0028891       0.0109162       0.0003358
     C      6       0.0414441       0.0167891       0.0004595
     H      1       0.0032486      -0.0110605      -0.0003363
     C      6      -0.0427147      -0.0129471      -0.0003420
     H      1      -0.0032267       0.0110200       0.0003367
     C      6       0.0400300       0.0194252       0.0005390
     H      1       0.0028992      -0.0109559      -0.0003307
     C      6      -0.0421732      -0.0074750      -0.0001836
     C      6       0.0009169      -0.0066295      -0.0001979
     C      6       0.0418013       0.0081572       0.0002148
     H      1       0.0009684      -0.0113779      -0.0003457
     C      6      -0.0428044      -0.0033795      -0.0000826
     H      1      -0.0008852       0.0119295       0.0003526
     C      6       0.0404674       0.0112198       0.0004147
     H      1       0.0004496      -0.0113220      -0.0003393
     C      6      -0.0402637      -0.0001165      -0.0020599
     C      6      -0.0006045      -0.0069930      -0.0002795
     C      6       0.0399065       0.0025098      -0.0001490
     H      1      -0.0012906      -0.0120398      -0.0003169
     C      6      -0.0055598       0.0277551       0.0253674
     H      1       0.0014662       0.0116909       0.0019415
     C      6      -0.0059708      -0.0012990      -0.0007289
     C      6      -0.0023127       0.0048668       0.0043718
     C      6      -0.0015664       0.0035937      -0.0018389
     C      6       0.0029895      -0.0254570      -0.0210745
     C      6      -0.0008795      -0.0002596      -0.0017100
     H      1       0.0034667       0.0038652      -0.0070023
     H      1       0.0053669       0.0019914      -0.0061959
     H      1      -0.0055251      -0.0026324       0.0062205
     C      6       0.0042123       0.0008107       0.0060711
     C      6       0.0025445       0.0009909      -0.0066067
     C      6      -0.0026054      -0.0060649      -0.0010071
     H      1       0.0044161       0.0010982       0.0074535
     H      1      -0.0033466      -0.0074459      -0.0020429
     H      1       0.0066337      -0.0042259      -0.0004550
     H      1       0.0044337      -0.0016461      -0.0062258
     H      1      -0.0063981       0.0085923      -0.0001172
     H      1      -0.0045910      -0.0060760       0.0012309
     H      1       0.0020299       0.0014526      -0.0075986
     H      1       0.0063054       0.0000948       0.0053984
     H      1      -0.0072848       0.0041370       0.0025155
     H      1      -0.0075531       0.0049104      -0.0001703
     H      1       0.0058934       0.0021390       0.0052474
     H      1      -0.0015389      -0.0086459      -0.0004703
     H      1      -0.0045903      -0.0021536       0.0062781
     H      1       0.0086310      -0.0040742      -0.0002604
     H      1      -0.0047941      -0.0017657      -0.0061978
     H      1       0.0092732      -0.0021937      -0.0000730
     H      1      -0.0040325      -0.0027687      -0.0062692
     H      1      -0.0040261      -0.0031365       0.0060959
     H      1       0.0040079       0.0028095       0.0062839
     H      1      -0.0092392       0.0021716       0.0000741
     H      1       0.0039928       0.0031867      -0.0061124
     H      1       0.0047481       0.0021669      -0.0061506
     H      1       0.0047425       0.0017469       0.0063463
     H      1      -0.0086411       0.0041009       0.0001205

The Hessian matrix is patched and stored in -final.hess file.

The Tensor is patched and stored in -final.dipdr/poldr/shield file.

The Tensor is patched and stored in -final.dipdr/poldr/shield file.
MTA-RAMAN COMPUTATION (HIGHER LEVEL) END TIME :: Tue Sep  1 18:17:43 2020
Fragment energies are:
0	-772.42467970	0.00000000	-772.4246797
1	-619.83987291	0.00000001	-619.8398729
2	-542.94845992	0.00000002	-542.9484599
3	-193.95478133	0.00000003	-193.9547813
4	-193.95591694	0.00000004	-193.9559169

---------------------------------------
  HF ENERGY     = -1547.302314
  E2 ENERGY     = 0.0
  CG-MTA ENERGY = -1547.302314
---------------------------------------
---------------------------------------
 MTA GRAFTED ENERGY == -1547.303037
---------------------------------------



---------------------------------------
             SUMMARY             
Machine Name     ==> krishna
Shared processors ==> 8
FC [HF/6-31G] ==> -1546.58420
MTA[HF/6-31G] ==> -1546.58348
CORRECTION[HF/6-31G] ==> -0.00072
MTA[HF/cc-PVDZ] ==> -1547.30231
GMTA[HF/cc-PVDZ] ==> -1547.30304(Overall grafting)
---------------------------------------
Job Completion Time :: Tue Sep  1 18:18:19 2020
Total Elapsed Time :: 71.97 Minutes
