
			THIS IS A MTA-BASED FRAGMENT ONLY RUN

		FRAGMENTATION PARAMETERS WILL BE READ FROM FILE FragParam

Job Submission Time :: Sun Sep  6 01:42:30 2020
Inputfile name      :: D2D_A.xyz
Outputfile name     :: D2D_A.out
Keyword             :: frgonl


-------FragParam-----
RDEXT=0
addum=1
radcut=2.8
MAXSZ=24
MINSZ=21
-----------------

	Input Geometry
--------------------------------------------------------------------------------
 COORDINATES OF ALL ATOMS ARE (ANGS)
    ATOM   CHARGE       X              Y              Z
--------------------------------------------------------------------------------
     O      8       1.4166000       3.0464100       1.4632500
     O      8      -0.7757000      -0.3945700       1.1260100
     O      8       1.3252000       0.9347700      -1.9542200
     O      8      -2.0488300       2.9567500      -0.5075400
     O      8       0.6661700       3.5616300      -1.0579500
     O      8      -1.4150800       0.3312200      -1.4066700
     O      8       1.8801400       0.3699900       0.5947800
     O      8      -1.2805900       2.2351900       1.9519800
     H      1       1.9741900       3.7306600       1.8529400
     H      1      -0.8937600      -1.3444100       1.2804100
     H      1       2.0213400       0.6750900      -2.5698100
     H      1      -2.8604200       3.4783500      -0.5177500
     H      1       1.2087900       3.3533400       0.5395000
     H      1      -1.0721900      -0.2509600       0.1902600
     H      1       1.6396200       0.6655800      -1.0460800
     H      1      -1.8694300       2.7444300       0.4495400
     H      1       1.0253700      -0.0210200       0.8789700
     H      1      -0.3597100       2.5569200       1.9982000
     H      1      -1.7675000       1.2319300      -1.2668000
     H      1       0.9295400       2.7525500      -1.5384600
     H      1      -0.3084700       3.5046400      -1.0122900
     H      1      -0.5326600       0.4790800      -1.7970100
     H      1      -1.1866900       1.2639400       1.8899900
     H      1       1.8867500       1.2457100       1.0283600
     C      6      -0.0717100      -3.6907000       1.2275800
     C      6      -1.1900600      -3.6325200       0.3690700
     C      6      -1.0696100      -3.0442700      -0.9057300
     C      6       0.1695000      -2.5219300      -1.3240600
     C      6       1.2865500      -2.5826600      -0.4692900
     C      6       1.1662100      -3.1637000       0.8078000
     H      1      -0.1657200      -4.1458300       2.2183300
     H      1      -2.1515900      -4.0405700       0.6953000
     H      1      -1.9396600      -2.9789800      -1.5649100
     H      1       0.2565700      -2.0563600      -2.3097000
     H      1       2.2456200      -2.1628900      -0.7844300
     H      1       2.0313800      -3.1976800       1.4761600
**
-----------------------------------------------------------
 Inited atom info...
 Total number of atoms are :    36
 Reading input complete..

 Rings :
   1 : T : (   6),    30   29   28   27   26   25

 Preprocessing over..

 Atom goodness index :
    1:  5.7
    2:  3.4
    3:  3.2
    4:  5.8
    5:  5.8
    6:  3.1
    7:  2.9
    8:  6.0
    9:  6.5
   10:  2.7
   11:  3.3
   12:  6.6
   13:  5.8
   14:  3.0
   15:  2.9
   16:  5.9
   17:  2.9
   18:  5.9
   19:  4.0
   20:  4.9
   21:  5.7
   22:  2.7
   23:  5.1
   24:  3.9
   25:  5.1
   26:  5.1
   27:  5.1
   28:  5.1
   29:  5.1
   30:  5.1
   31:  5.5
   32:  5.5
   33:  5.5
   34:  4.9
   35:  5.1
   36:  5.5
 Atom pick index as  ATOM :: FRAGMENT
                    1  ::                     1
                    2  ::                     1
                    3  ::                     1
                    4  ::                     1
                    5  ::                     1
                    6  ::                     1
                    7  ::                     1
                    8  ::                     1
                    9  ::                     1
                   10  ::                     2
                   11  ::                     1
                   12  ::                     1
                   13  ::                     1
                   14  ::                     1
                   15  ::                     1
                   16  ::                     1
                   17  ::                     1
                   18  ::                     1
                   19  ::                     1
                   20  ::                     1
                   21  ::                     1
                   22  ::                     2
                   23  ::                     1
                   24  ::                     1
                   25  ::                     2
                   26  ::                     2
                   27  ::                     2
                   28  ::                     2
                   29  ::                     2
                   30  ::                     2
                   31  ::                     2
                   32  ::                     2
                   33  ::                     2
                   34  ::                     2
                   35  ::                     2
                   36  ::                     2
 Collation over...

 Cardinality expression setup...
 Final Cardinality expression:
    1   -1
 Cardinality expression setup complete. Number of elements:                     1
 Adding dummy atoms to overlap fragments ...
 ... Adding over
 Those marked with '*' are having charge
                    1                   80
                    2                   82
                    3                   40
 Sorting fragments on size...
 Setting up addtional parameters...
 Writing i/p files ...
 Writing i/p files over...

 FINAL FRAGMENTS:
    1   24
    2   24
    
 Summary of Overlaps:
    3   12
    
Number of main fragments     :   2
Number of overlap fragments     :   1
Average size of fragments    : 24.00
Minimum Goodness             :  2.69 @    10
Minimum non pendant Goodness :  2.91 @     7
Scaling Factor               :  1.33

 The molecular formula is : 
O  :    8, H  :   22, C  :    6, 
 Bond stats:
O -O  :    0
O -H  :   28
O -C  :    0
H -H  :    0
H -C  :    6
C -C  :   12
frag   1:>  O  :    8, H  :   16, 
     Bond stats:
    O -O  :    0
    O -H  :   28
    H -H  :    0

frag   2:>  O  :    4, H  :   14, C  :    6, 
     Bond stats:
    O -O  :    0
    O -H  :   12
    O -C  :    0
    H -H  :    0
    H -C  :    6
    C -C  :   12

frag   3:>  O  :    4, H  :    8, 
     Bond stats:
    O -O  :    0
    O -H  :   12
    H -H  :    0

 The molecular formula based on cardinality is : 
O  :    8, H  :   22, C  :    6, 

 Cardinality of the molecular formula is maintained!

 Bond stats based on cardinality is:
O -O  :    0
O -H  :   28
O -C  :    0
H -H  :    0
H -C  :    6
C -C  :   12

 Cardinality of the molecular bond stats is maintained!

EXITING AFTER FRAGMENTATIONJob Completion Time :: Sun Sep  6 01:42:30 2020
Total Elapsed Time :: 0.0 Minutes
